<?xml version="1.0" encoding="UTF-8"?>
<testng-results ignored="0" total="5" passed="4" failed="1" skipped="0">
  <reporter-output>
  </reporter-output>
  <suite started-at="2024-07-10T10:21:24Z" name="Default suite" finished-at="2024-07-10T10:22:34Z" duration-ms="70173">
    <groups>
      <group name="smoke">
        <method signature="LoginTest.addgrocery()[pri:0, instance:project.LoginTest@1984b1f]" name="addgrocery" class="project.LoginTest"/>
        <method signature="LoginTest.mouseaction()[pri:0, instance:project.LoginTest@1984b1f]" name="mouseaction" class="project.LoginTest"/>
        <method signature="LoginTest.offercheck()[pri:0, instance:project.LoginTest@1984b1f]" name="offercheck" class="project.LoginTest"/>
        <method signature="LoginTest.search()[pri:0, instance:project.LoginTest@1984b1f]" name="search" class="project.LoginTest"/>
        <method signature="LoginTest.testLogin()[pri:0, instance:project.LoginTest@1984b1f]" name="testLogin" class="project.LoginTest"/>
      </group> <!-- smoke -->
    </groups>
    <test started-at="2024-07-10T10:21:24Z" name="Default test" finished-at="2024-07-10T10:22:34Z" duration-ms="70173">
      <class name="project.LoginTest">
        <test-method is-config="true" signature="setUp()[pri:0, instance:project.LoginTest@1984b1f]" started-at="2024-07-10T15:51:24Z" name="setUp" finished-at="2024-07-10T15:51:32Z" duration-ms="7926" status="PASS">
          <reporter-output>
          </reporter-output>
        </test-method> <!-- setUp -->
        <test-method signature="addgrocery()[pri:0, instance:project.LoginTest@1984b1f]" started-at="2024-07-10T15:51:32Z" name="addgrocery" finished-at="2024-07-10T15:51:40Z" duration-ms="7863" status="PASS">
          <reporter-output>
          </reporter-output>
        </test-method> <!-- addgrocery -->
        <test-method is-config="true" signature="tearDown()[pri:0, instance:project.LoginTest@1984b1f]" started-at="2024-07-10T15:51:40Z" name="tearDown" finished-at="2024-07-10T15:51:40Z" duration-ms="553" status="PASS">
          <reporter-output>
          </reporter-output>
        </test-method> <!-- tearDown -->
        <test-method is-config="true" signature="setUp()[pri:0, instance:project.LoginTest@1984b1f]" started-at="2024-07-10T15:51:40Z" name="setUp" finished-at="2024-07-10T15:51:43Z" duration-ms="2346" status="PASS">
          <reporter-output>
          </reporter-output>
        </test-method> <!-- setUp -->
        <test-method signature="mouseaction()[pri:0, instance:project.LoginTest@1984b1f]" started-at="2024-07-10T15:51:43Z" name="mouseaction" finished-at="2024-07-10T15:51:51Z" duration-ms="7987" status="PASS">
          <reporter-output>
          </reporter-output>
        </test-method> <!-- mouseaction -->
        <test-method is-config="true" signature="tearDown()[pri:0, instance:project.LoginTest@1984b1f]" started-at="2024-07-10T15:51:51Z" name="tearDown" finished-at="2024-07-10T15:51:51Z" duration-ms="363" status="PASS">
          <reporter-output>
          </reporter-output>
        </test-method> <!-- tearDown -->
        <test-method is-config="true" signature="setUp()[pri:0, instance:project.LoginTest@1984b1f]" started-at="2024-07-10T15:51:51Z" name="setUp" finished-at="2024-07-10T15:52:01Z" duration-ms="10176" status="PASS">
          <reporter-output>
          </reporter-output>
        </test-method> <!-- setUp -->
        <test-method signature="offercheck()[pri:0, instance:project.LoginTest@1984b1f]" started-at="2024-07-10T15:52:01Z" name="offercheck" finished-at="2024-07-10T15:52:09Z" duration-ms="8181" status="FAIL">
          <exception class="org.openqa.selenium.NoSuchElementException">
            <message>
              <![CDATA[no such element: Unable to locate element: {"method":"xpath","selector":"//body/div[@class='body-wrap']/div[@id='dynamicDirective']/carousel-product-widget[1]/section[1]/div[1]/div[1]/div[1]/a[1]/span[1]"}
  (Session info: chrome=126.0.6478.127)
For documentation on this error, please visit: https://www.seleniumhq.org/exceptions/no_such_element.html
Build info: version: '3.141.59', revision: 'e82be7d358', time: '2018-11-14T08:17:03'
System info: host: 'DESKTOP-LU6TJHI', ip: '192.168.79.190', os.name: 'Windows 11', os.arch: 'amd64', os.version: '10.0', java.version: '17.0.10'
Driver info: org.openqa.selenium.chrome.ChromeDriver
Capabilities {acceptInsecureCerts: false, browserName: chrome, browserVersion: 126.0.6478.127, chrome: {chromedriverVersion: 126.0.6478.126 (d36ace6122e..., userDataDir: C:\Users\LENOVO\AppData\Loc...}, fedcm:accounts: true, goog:chromeOptions: {debuggerAddress: localhost:62493}, javascriptEnabled: true, networkConnectionEnabled: false, pageLoadStrategy: normal, platform: WINDOWS, platformName: WINDOWS, proxy: Proxy(), setWindowRect: true, strictFileInteractability: false, timeouts: {implicit: 0, pageLoad: 300000, script: 30000}, unhandledPromptBehavior: dismiss and notify, webauthn:extension:credBlob: true, webauthn:extension:largeBlob: true, webauthn:extension:minPinLength: true, webauthn:extension:prf: true, webauthn:virtualAuthenticators: true}
Session ID: 66eb161adf08c1589222359c63ee9443
*** Element info: {Using=xpath, value=//body/div[@class='body-wrap']/div[@id='dynamicDirective']/carousel-product-widget[1]/section[1]/div[1]/div[1]/div[1]/a[1]/span[1]}]]>
            </message>
            <full-stacktrace>
              <![CDATA[org.openqa.selenium.NoSuchElementException: no such element: Unable to locate element: {"method":"xpath","selector":"//body/div[@class='body-wrap']/div[@id='dynamicDirective']/carousel-product-widget[1]/section[1]/div[1]/div[1]/div[1]/a[1]/span[1]"}
  (Session info: chrome=126.0.6478.127)
For documentation on this error, please visit: https://www.seleniumhq.org/exceptions/no_such_element.html
Build info: version: '3.141.59', revision: 'e82be7d358', time: '2018-11-14T08:17:03'
System info: host: 'DESKTOP-LU6TJHI', ip: '192.168.79.190', os.name: 'Windows 11', os.arch: 'amd64', os.version: '10.0', java.version: '17.0.10'
Driver info: org.openqa.selenium.chrome.ChromeDriver
Capabilities {acceptInsecureCerts: false, browserName: chrome, browserVersion: 126.0.6478.127, chrome: {chromedriverVersion: 126.0.6478.126 (d36ace6122e..., userDataDir: C:\Users\LENOVO\AppData\Loc...}, fedcm:accounts: true, goog:chromeOptions: {debuggerAddress: localhost:62493}, javascriptEnabled: true, networkConnectionEnabled: false, pageLoadStrategy: normal, platform: WINDOWS, platformName: WINDOWS, proxy: Proxy(), setWindowRect: true, strictFileInteractability: false, timeouts: {implicit: 0, pageLoad: 300000, script: 30000}, unhandledPromptBehavior: dismiss and notify, webauthn:extension:credBlob: true, webauthn:extension:largeBlob: true, webauthn:extension:minPinLength: true, webauthn:extension:prf: true, webauthn:virtualAuthenticators: true}
Session ID: 66eb161adf08c1589222359c63ee9443
*** Element info: {Using=xpath, value=//body/div[@class='body-wrap']/div[@id='dynamicDirective']/carousel-product-widget[1]/section[1]/div[1]/div[1]/div[1]/a[1]/span[1]}
	at java.base/jdk.internal.reflect.NativeConstructorAccessorImpl.newInstance0(Native Method)
	at java.base/jdk.internal.reflect.NativeConstructorAccessorImpl.newInstance(NativeConstructorAccessorImpl.java:77)
	at java.base/jdk.internal.reflect.DelegatingConstructorAccessorImpl.newInstance(DelegatingConstructorAccessorImpl.java:45)
	at java.base/java.lang.reflect.Constructor.newInstanceWithCaller(Constructor.java:499)
	at java.base/java.lang.reflect.Constructor.newInstance(Constructor.java:480)
	at org.openqa.selenium.remote.http.W3CHttpResponseCodec.createException(W3CHttpResponseCodec.java:187)
	at org.openqa.selenium.remote.http.W3CHttpResponseCodec.decode(W3CHttpResponseCodec.java:122)
	at org.openqa.selenium.remote.http.W3CHttpResponseCodec.decode(W3CHttpResponseCodec.java:49)
	at org.openqa.selenium.remote.HttpCommandExecutor.execute(HttpCommandExecutor.java:158)
	at org.openqa.selenium.remote.service.DriverCommandExecutor.execute(DriverCommandExecutor.java:83)
	at org.openqa.selenium.remote.RemoteWebDriver.execute(RemoteWebDriver.java:552)
	at org.openqa.selenium.remote.RemoteWebDriver.findElement(RemoteWebDriver.java:323)
	at org.openqa.selenium.remote.RemoteWebDriver.findElementByXPath(RemoteWebDriver.java:428)
	at org.openqa.selenium.By$ByXPath.findElement(By.java:353)
	at org.openqa.selenium.remote.RemoteWebDriver.findElement(RemoteWebDriver.java:315)
	at org.openqa.selenium.support.pagefactory.DefaultElementLocator.findElement(DefaultElementLocator.java:69)
	at org.openqa.selenium.support.pagefactory.internal.LocatingElementHandler.invoke(LocatingElementHandler.java:38)
	at jdk.proxy2/jdk.proxy2.$Proxy12.click(Unknown Source)
	at project.Offer.allproduct(Offer.java:30)
	at project.LoginTest.offercheck(LoginTest.java:64)
	at java.base/jdk.internal.reflect.NativeMethodAccessorImpl.invoke0(Native Method)
	at java.base/jdk.internal.reflect.NativeMethodAccessorImpl.invoke(NativeMethodAccessorImpl.java:77)
	at java.base/jdk.internal.reflect.DelegatingMethodAccessorImpl.invoke(DelegatingMethodAccessorImpl.java:43)
	at java.base/java.lang.reflect.Method.invoke(Method.java:568)
	at org.testng.internal.MethodInvocationHelper.invokeMethod(MethodInvocationHelper.java:108)
	at org.testng.internal.Invoker.invokeMethod(Invoker.java:661)
	at org.testng.internal.Invoker.invokeTestMethod(Invoker.java:869)
	at org.testng.internal.Invoker.invokeTestMethods(Invoker.java:1193)
	at org.testng.internal.TestMethodWorker.invokeTestMethods(TestMethodWorker.java:126)
	at org.testng.internal.TestMethodWorker.run(TestMethodWorker.java:109)
	at org.testng.TestRunner.privateRun(TestRunner.java:744)
	at org.testng.TestRunner.run(TestRunner.java:602)
	at org.testng.SuiteRunner.runTest(SuiteRunner.java:380)
	at org.testng.SuiteRunner.runSequentially(SuiteRunner.java:375)
	at org.testng.SuiteRunner.privateRun(SuiteRunner.java:340)
	at org.testng.SuiteRunner.run(SuiteRunner.java:289)
	at org.testng.SuiteRunnerWorker.runSuite(SuiteRunnerWorker.java:52)
	at org.testng.SuiteRunnerWorker.run(SuiteRunnerWorker.java:86)
	at org.testng.TestNG.runSuitesSequentially(TestNG.java:1301)
	at org.testng.TestNG.runSuitesLocally(TestNG.java:1226)
	at org.testng.TestNG.runSuites(TestNG.java:1144)
	at org.testng.TestNG.run(TestNG.java:1115)
	at org.testng.remote.AbstractRemoteTestNG.run(AbstractRemoteTestNG.java:115)
	at org.testng.remote.RemoteTestNG.initAndRun(RemoteTestNG.java:251)
	at org.testng.remote.RemoteTestNG.main(RemoteTestNG.java:77)
]]>
            </full-stacktrace>
          </exception> <!-- org.openqa.selenium.NoSuchElementException -->
          <reporter-output>
          </reporter-output>
        </test-method> <!-- offercheck -->
        <test-method is-config="true" signature="tearDown()[pri:0, instance:project.LoginTest@1984b1f]" started-at="2024-07-10T15:52:09Z" name="tearDown" finished-at="2024-07-10T15:52:10Z" duration-ms="474" status="PASS">
          <reporter-output>
          </reporter-output>
        </test-method> <!-- tearDown -->
        <test-method is-config="true" signature="setUp()[pri:0, instance:project.LoginTest@1984b1f]" started-at="2024-07-10T15:52:10Z" name="setUp" finished-at="2024-07-10T15:52:17Z" duration-ms="7436" status="PASS">
          <reporter-output>
          </reporter-output>
        </test-method> <!-- setUp -->
        <test-method signature="search()[pri:0, instance:project.LoginTest@1984b1f]" started-at="2024-07-10T15:52:17Z" name="search" finished-at="2024-07-10T15:52:22Z" duration-ms="4735" status="PASS">
          <reporter-output>
          </reporter-output>
        </test-method> <!-- search -->
        <test-method is-config="true" signature="tearDown()[pri:0, instance:project.LoginTest@1984b1f]" started-at="2024-07-10T15:52:22Z" name="tearDown" finished-at="2024-07-10T15:52:23Z" duration-ms="599" status="PASS">
          <reporter-output>
          </reporter-output>
        </test-method> <!-- tearDown -->
        <test-method is-config="true" signature="setUp()[pri:0, instance:project.LoginTest@1984b1f]" started-at="2024-07-10T15:52:23Z" name="setUp" finished-at="2024-07-10T15:52:25Z" duration-ms="2098" status="PASS">
          <reporter-output>
          </reporter-output>
        </test-method> <!-- setUp -->
        <test-method signature="testLogin()[pri:0, instance:project.LoginTest@1984b1f]" started-at="2024-07-10T15:52:25Z" name="testLogin" finished-at="2024-07-10T15:52:34Z" duration-ms="8967" status="PASS">
          <reporter-output>
          </reporter-output>
        </test-method> <!-- testLogin -->
        <test-method is-config="true" signature="tearDown()[pri:0, instance:project.LoginTest@1984b1f]" started-at="2024-07-10T15:52:34Z" name="tearDown" finished-at="2024-07-10T15:52:34Z" duration-ms="424" status="PASS">
          <reporter-output>
          </reporter-output>
        </test-method> <!-- tearDown -->
      </class> <!-- project.LoginTest -->
    </test> <!-- Default test -->
  </suite> <!-- Default suite -->
</testng-results>
